<?xml version="1.0" encoding="UTF-8"?>
<testsuite name="admin.AdminTest" tests="2" skipped="0" failures="0" errors="0" timestamp="2023-10-27T11:19:41" hostname="Palaks-MacBook-Pro.local" time="0.002">
  <properties/>
  <testcase name="testParseJSON()" classname="admin.AdminTest" time="0.001"/>
  <testcase name="testMain_ValidCredentials()" classname="admin.AdminTest" time="0.001"/>
  <system-out><![CDATA[]]></system-out>
  <system-err><![CDATA[]]></system-err>
</testsuite>
